c:\users\usuario\desktop\2020 2 cuatri\labinfor\practica3\tema4_inicial_2012\pang\tmp\debug\vc141.pdb
c:\users\usuario\desktop\2020 2 cuatri\labinfor\practica3\tema4_inicial_2012\pang\tmp\debug\vc141.idb
c:\users\usuario\desktop\2020 2 cuatri\labinfor\practica3\tema4_inicial_2012\pang\tmp\debug\vector2d.obj
c:\users\usuario\desktop\2020 2 cuatri\labinfor\practica3\tema4_inicial_2012\pang\tmp\debug\pared.obj
c:\users\usuario\desktop\2020 2 cuatri\labinfor\practica3\tema4_inicial_2012\pang\tmp\debug\pang.obj
c:\users\usuario\desktop\2020 2 cuatri\labinfor\practica3\tema4_inicial_2012\pang\tmp\debug\mundo.obj
c:\users\usuario\desktop\2020 2 cuatri\labinfor\practica3\tema4_inicial_2012\pang\tmp\debug\hombre.obj
c:\users\usuario\desktop\2020 2 cuatri\labinfor\practica3\tema4_inicial_2012\pang\tmp\debug\esfera.obj
c:\users\usuario\desktop\2020 2 cuatri\labinfor\practica3\tema4_inicial_2012\pang\tmp\debug\disparo.obj
c:\users\usuario\desktop\2020 2 cuatri\labinfor\practica3\tema4_inicial_2012\pang\tmp\debug\caja.obj
c:\users\usuario\desktop\2020 2 cuatri\labinfor\practica3\tema4_inicial_2012\pang\tmp\debug\bonus.obj
c:\users\usuario\desktop\2020 2 cuatri\labinfor\practica3\tema4_inicial_2012\pang\bin\pang.exe
c:\users\usuario\desktop\2020 2 cuatri\labinfor\practica3\tema4_inicial_2012\pang\bin\pang.ilk
c:\users\usuario\desktop\2020 2 cuatri\labinfor\practica3\tema4_inicial_2012\pang\bin\pang.pdb
c:\users\usuario\desktop\2020 2 cuatri\labinfor\practica3\tema4_inicial_2012\pang\tmp\debug\pang.tlog\cl.command.1.tlog
c:\users\usuario\desktop\2020 2 cuatri\labinfor\practica3\tema4_inicial_2012\pang\tmp\debug\pang.tlog\cl.read.1.tlog
c:\users\usuario\desktop\2020 2 cuatri\labinfor\practica3\tema4_inicial_2012\pang\tmp\debug\pang.tlog\cl.write.1.tlog
c:\users\usuario\desktop\2020 2 cuatri\labinfor\practica3\tema4_inicial_2012\pang\tmp\debug\pang.tlog\link.command.1.tlog
c:\users\usuario\desktop\2020 2 cuatri\labinfor\practica3\tema4_inicial_2012\pang\tmp\debug\pang.tlog\link.read.1.tlog
c:\users\usuario\desktop\2020 2 cuatri\labinfor\practica3\tema4_inicial_2012\pang\tmp\debug\pang.tlog\link.write.1.tlog
